Build started 3/9/2017 4:32:34 PM.
     1>Project "C:\Users\Ofer\documents\visual studio 2013\Projects\Offline_Fid\Offline_Fid\Offline_Fid.vcxproj" on node 2 (Build target(s)).
     1>ClCompile:
         C:\Program Files (x86)\Microsoft Visual Studio 12.0\VC\bin\x86_amd64\CL.exe /c /ID:\pthread_lib\ /IC:\Users\Ofer\Documents\opencv\build\include /Zi /nologo /W3 /WX- /sdl /O2 /Oi /GL /D OFFLINE /D _SHOW_VID /D SONAR_ACTIVE /D YAW_ACTIVE /D _MBCS /D _MBCS /Gm- /EHsc /MD /GS /Gy /fp:precise /Zc:wchar_t /Zc:forScope /Fo"x64\Release\\" /Fd"x64\Release\vc120.pdb" /Gd /TP /errorReport:prompt OpticalFlow.cpp
         OpticalFlow.cpp
     1>OpticalFlow.cpp(45): warning C4244: '=' : conversion from 'double' to 'float', possible loss of data
     1>OpticalFlow.cpp(99): warning C4305: 'initializing' : truncation from 'double' to 'float'
     1>OpticalFlow.cpp(171): warning C4244: 'argument' : conversion from 'double' to 'int', possible loss of data
     1>OpticalFlow.cpp(172): warning C4244: 'argument' : conversion from 'double' to 'int', possible loss of data
     1>OpticalFlow.cpp(176): warning C4244: 'argument' : conversion from 'double' to 'int', possible loss of data
     1>OpticalFlow.cpp(177): warning C4244: 'argument' : conversion from 'double' to 'int', possible loss of data
     1>OpticalFlow.cpp(181): warning C4244: 'argument' : conversion from 'double' to 'int', possible loss of data
     1>OpticalFlow.cpp(182): warning C4244: 'argument' : conversion from 'double' to 'int', possible loss of data
     1>OpticalFlow.cpp(186): warning C4244: 'argument' : conversion from 'double' to 'int', possible loss of data
     1>OpticalFlow.cpp(187): warning C4244: 'argument' : conversion from 'double' to 'int', possible loss of data
     1>OpticalFlow.cpp(270): warning C4244: '+=' : conversion from 'double' to 'int', possible loss of data
     1>OpticalFlow.cpp(271): warning C4244: '+=' : conversion from 'double' to 'int', possible loss of data
     1>OpticalFlow.cpp(292): warning C4244: '+=' : conversion from 'double' to 'int', possible loss of data
     1>OpticalFlow.cpp(293): warning C4244: '+=' : conversion from 'double' to 'int', possible loss of data
     1>OpticalFlow.cpp(301): warning C4244: 'argument' : conversion from 'double' to 'float', possible loss of data
     1>OpticalFlow.cpp(303): warning C4305: '=' : truncation from 'double' to 'float'
     1>OpticalFlow.cpp(314): warning C4244: 'argument' : conversion from 'double' to 'const float', possible loss of data
     1>OpticalFlow.cpp(315): warning C4244: 'argument' : conversion from 'double' to 'const float', possible loss of data
     1>OpticalFlow.cpp(334): warning C4244: '=' : conversion from '__int64' to 'double', possible loss of data
       Link:
         C:\Program Files (x86)\Microsoft Visual Studio 12.0\VC\bin\x86_amd64\link.exe /ERRORREPORT:PROMPT /OUT:"C:\Users\Ofer\documents\visual studio 2013\Projects\Offline_Fid\x64\Release\Offline_Fid.exe" /NOLOGO /LIBPATH:D:\pthread_lib\ /LIBPATH:C:\Users\Ofer\Documents\opencv\build\x64\vc12\lib pthreadVC2.lib opencv_world310.lib kernel32.lib user32.lib gdi32.lib winspool.lib comdlg32.lib advapi32.lib shell32.lib ole32.lib oleaut32.lib uuid.lib odbc32.lib odbccp32.lib kernel32.lib user32.lib gdi32.lib winspool.lib comdlg32.lib advapi32.lib shell32.lib ole32.lib oleaut32.lib uuid.lib odbc32.lib odbccp32.lib kernel32.lib user32.lib gdi32.lib winspool.lib comdlg32.lib advapi32.lib shell32.lib ole32.lib oleaut32.lib uuid.lib odbc32.lib odbccp32.lib /MANIFEST /MANIFESTUAC:"level='asInvoker' uiAccess='false'" /manifest:embed /DEBUG /PDB:"C:\Users\Ofer\documents\visual studio 2013\Projects\Offline_Fid\x64\Release\Offline_Fid.pdb" /OPT:REF /OPT:ICF /LTCG /TLBID:1 /DYNAMICBASE /NXCOMPAT /IMPLIB:"C:\Users\Ofer\documents\visual studio 2013\Projects\Offline_Fid\x64\Release\Offline_Fid.lib" /MACHINE:X64 x64\Release\anglecorrection.obj
         x64\Release\Offline_Fid.obj
         x64\Release\OpticalFlow.obj
         x64\Release\opticalflowfunctions.obj
         x64\Release\Sensors.obj
         Generating code
         Finished generating code
         Offline_Fid.vcxproj -> C:\Users\Ofer\documents\visual studio 2013\Projects\Offline_Fid\x64\Release\Offline_Fid.exe
     1>Done Building Project "C:\Users\Ofer\documents\visual studio 2013\Projects\Offline_Fid\Offline_Fid\Offline_Fid.vcxproj" (Build target(s)).

Build succeeded.

Time Elapsed 00:00:17.77
